build/app/intermediates/manifest_merge_blame_file/release/manifest-merger-blame-release-report.txt
1<?xml version="1.0" encoding="utf-8"?>
2<manifest xmlns:android="http://schemas.android.com/apk/res/android"
3    package="com.example.y"
4    android:versionCode="1"
5    android:versionName="1.0.0" >
6
7    <uses-sdk
8        android:minSdkVersion="16"
8-->src\main\AndroidManifest.xml
9        android:targetSdkVersion="31" />
9-->src\main\AndroidManifest.xml
10
11    <uses-permission android:name="android.permission.ACCESS_FINE_LOCATION" />
11-->src\main\AndroidManifest.xml:4:5-79
11-->src\main\AndroidManifest.xml:4:22-76
12    <uses-permission android:name="android.permission.ACCESS_COARSE_LOCATION" />
12-->src\main\AndroidManifest.xml:5:5-81
12-->src\main\AndroidManifest.xml:5:22-78
13    <uses-permission android:name="android.permission.WRITE_EXTERNAL_STORAGE" />
13-->src\main\AndroidManifest.xml:6:5-80
13-->src\main\AndroidManifest.xml:6:22-78
14    <uses-permission android:name="android.permission.READ_EXTERNAL_STORAGE" />
14-->src\main\AndroidManifest.xml:7:5-79
14-->src\main\AndroidManifest.xml:7:22-77
15    <uses-permission android:name="android.permission.INTERNET" />
15-->src\main\AndroidManifest.xml:8:5-66
15-->src\main\AndroidManifest.xml:8:22-64
16    <uses-permission android:name="android.permission.WAKE_LOCK" />
16-->src\main\AndroidManifest.xml:9:5-67
16-->src\main\AndroidManifest.xml:9:22-65
17
18    <queries>
18-->src\main\AndroidManifest.xml:10:5-31:15
19
20        <!-- If your app opens https URLs -->
21        <intent>
21-->src\main\AndroidManifest.xml:12:9-15:18
22            <action android:name="android.intent.action.VIEW" />
22-->src\main\AndroidManifest.xml:13:13-65
22-->src\main\AndroidManifest.xml:13:21-62
23
24            <data android:scheme="https" />
24-->src\main\AndroidManifest.xml:14:13-44
24-->src\main\AndroidManifest.xml:14:19-41
25        </intent>
26        <!-- If your app makes calls -->
27        <intent>
27-->src\main\AndroidManifest.xml:17:9-20:18
28            <action android:name="android.intent.action.DIAL" />
28-->src\main\AndroidManifest.xml:18:13-65
28-->src\main\AndroidManifest.xml:18:21-62
29
30            <data android:scheme="tel" />
30-->src\main\AndroidManifest.xml:14:13-44
30-->src\main\AndroidManifest.xml:14:19-41
31        </intent>
32        <!-- If your sends SMS messages -->
33        <intent>
33-->src\main\AndroidManifest.xml:22:9-25:18
34            <action android:name="android.intent.action.SENDTO" />
34-->src\main\AndroidManifest.xml:23:13-67
34-->src\main\AndroidManifest.xml:23:21-64
35
36            <data android:scheme="smsto" />
36-->src\main\AndroidManifest.xml:14:13-44
36-->src\main\AndroidManifest.xml:14:19-41
37        </intent>
38        <!-- If your app sends emails -->
39        <intent>
39-->src\main\AndroidManifest.xml:27:9-30:18
40            <action android:name="android.intent.action.SEND" />
40-->src\main\AndroidManifest.xml:28:13-65
40-->src\main\AndroidManifest.xml:28:21-62
41
42            <data android:mimeType="*/*" />
42-->src\main\AndroidManifest.xml:14:13-44
42-->src\main\AndroidManifest.xml:29:19-41
43        </intent>
44    </queries>
45
46    <application
47        android:name="android.app.Application"
47-->src\main\AndroidManifest.xml:34:9-42
48        android:appComponentFactory="androidx.core.app.CoreComponentFactory"
48-->[androidx.core:core:1.8.0] AndroidManifest.xml:24:18-86
49        android:icon="@mipmap/ic_launcher"
49-->src\main\AndroidManifest.xml:35:9-43
50        android:label="y" >
50-->src\main\AndroidManifest.xml:33:9-26
51        <activity
51-->src\main\AndroidManifest.xml:36:9-56:20
52            android:name="com.example.y.MainActivity"
52-->src\main\AndroidManifest.xml:37:13-41
53            android:configChanges="orientation|keyboardHidden|keyboard|screenSize|smallestScreenSize|locale|layoutDirection|fontScale|screenLayout|density|uiMode"
53-->src\main\AndroidManifest.xml:41:13-163
54            android:exported="true"
54-->src\main\AndroidManifest.xml:38:13-36
55            android:hardwareAccelerated="true"
55-->src\main\AndroidManifest.xml:42:13-47
56            android:launchMode="singleTop"
56-->src\main\AndroidManifest.xml:39:13-43
57            android:theme="@style/LaunchTheme"
57-->src\main\AndroidManifest.xml:40:13-47
58            android:windowSoftInputMode="adjustResize" >
58-->src\main\AndroidManifest.xml:43:13-55
59
60            <!--
61                 Specifies an Android theme to apply to this Activity as soon as
62                 the Android process has started. This theme is visible to the user
63                 while the Flutter UI initializes. After that, this theme continues
64                 to determine the Window background behind the Flutter UI.
65            -->
66            <meta-data
66-->src\main\AndroidManifest.xml:48:13-51:17
67                android:name="io.flutter.embedding.android.NormalTheme"
67-->src\main\AndroidManifest.xml:49:15-70
68                android:resource="@style/NormalTheme" />
68-->src\main\AndroidManifest.xml:50:15-52
69
70            <intent-filter>
70-->src\main\AndroidManifest.xml:52:13-55:29
71                <action android:name="android.intent.action.MAIN" />
71-->src\main\AndroidManifest.xml:53:17-68
71-->src\main\AndroidManifest.xml:53:25-66
72
73                <category android:name="android.intent.category.LAUNCHER" />
73-->src\main\AndroidManifest.xml:54:17-76
73-->src\main\AndroidManifest.xml:54:27-74
74            </intent-filter>
75        </activity>
76        <!--
77             Don't delete the meta-data below.
78             This is used by the Flutter tool to generate GeneratedPluginRegistrant.java
79        -->
80        <meta-data
80-->src\main\AndroidManifest.xml:59:9-61:33
81            android:name="flutterEmbedding"
81-->src\main\AndroidManifest.xml:60:13-44
82            android:value="2" />
82-->src\main\AndroidManifest.xml:61:13-30
83
84        <provider
84-->[:image_picker_android] AndroidManifest.xml:8:9-16:20
85            android:name="io.flutter.plugins.imagepicker.ImagePickerFileProvider"
85-->[:image_picker_android] AndroidManifest.xml:9:13-82
86            android:authorities="com.example.y.flutter.image_provider"
86-->[:image_picker_android] AndroidManifest.xml:10:13-74
87            android:exported="false"
87-->[:image_picker_android] AndroidManifest.xml:11:13-37
88            android:grantUriPermissions="true" >
88-->[:image_picker_android] AndroidManifest.xml:12:13-47
89            <meta-data
89-->[:image_picker_android] AndroidManifest.xml:13:13-15:75
90                android:name="android.support.FILE_PROVIDER_PATHS"
90-->[:image_picker_android] AndroidManifest.xml:14:17-67
91                android:resource="@xml/flutter_image_picker_file_paths" />
91-->[:image_picker_android] AndroidManifest.xml:15:17-72
92        </provider>
93
94        <activity
94-->[:url_launcher_android] AndroidManifest.xml:8:9-11:74
95            android:name="io.flutter.plugins.urllauncher.WebViewActivity"
95-->[:url_launcher_android] AndroidManifest.xml:9:13-74
96            android:exported="false"
96-->[:url_launcher_android] AndroidManifest.xml:10:13-37
97            android:theme="@android:style/Theme.NoTitleBar.Fullscreen" />
97-->[:url_launcher_android] AndroidManifest.xml:11:13-71
98
99        <uses-library
99-->[androidx.window:window:1.0.0-beta04] AndroidManifest.xml:25:9-27:40
100            android:name="androidx.window.extensions"
100-->[androidx.window:window:1.0.0-beta04] AndroidManifest.xml:26:13-54
101            android:required="false" />
101-->[androidx.window:window:1.0.0-beta04] AndroidManifest.xml:27:13-37
102        <uses-library
102-->[androidx.window:window:1.0.0-beta04] AndroidManifest.xml:28:9-30:40
103            android:name="androidx.window.sidecar"
103-->[androidx.window:window:1.0.0-beta04] AndroidManifest.xml:29:13-51
104            android:required="false" />
104-->[androidx.window:window:1.0.0-beta04] AndroidManifest.xml:30:13-37
105    </application>
106
107</manifest>